{"/project/workspace/knexfile.ts": {"path":"/project/workspace/knexfile.ts","statementMap":{"0":{"start":{"line":1,"column":0},"end":{"line":1,"column":24}},"1":{"start":{"line":3,"column":0},"end":{"line":12,"column":2}}},"fnMap":{},"branchMap":{},"s":{"0":1,"1":1},"f":{},"b":{}}
,"/project/workspace/src/db.ts": {"path":"/project/workspace/src/db.ts","statementMap":{"0":{"start":{"line":2,"column":0},"end":{"line":2,"column":24}},"1":{"start":{"line":5,"column":0},"end":{"line":5,"column":37}},"2":{"start":{"line":8,"column":11},"end":{"line":8,"column":27}},"3":{"start":{"line":10,"column":0},"end":{"line":10,"column":18}}},"fnMap":{},"branchMap":{},"s":{"0":1,"1":1,"2":1,"3":1},"f":{},"b":{}}
,"/project/workspace/src/index.ts": {"path":"/project/workspace/src/index.ts","statementMap":{"0":{"start":{"line":1,"column":0},"end":{"line":1,"column":30}},"1":{"start":{"line":3,"column":0},"end":{"line":3,"column":26}},"2":{"start":{"line":4,"column":33},"end":{"line":4,"column":42}},"3":{"start":{"line":6,"column":0},"end":{"line":6,"column":24}},"4":{"start":{"line":7,"column":0},"end":{"line":7,"column":49}},"5":{"start":{"line":8,"column":0},"end":{"line":8,"column":23}},"6":{"start":{"line":11,"column":0},"end":{"line":13,"column":3}},"7":{"start":{"line":12,"column":2},"end":{"line":12,"column":44}},"8":{"start":{"line":16,"column":25},"end":{"line":21,"column":1}},"9":{"start":{"line":17,"column":2},"end":{"line":19,"column":5}},"10":{"start":{"line":18,"column":4},"end":{"line":18,"column":51}},"11":{"start":{"line":20,"column":2},"end":{"line":20,"column":13}},"12":{"start":{"line":16,"column":13},"end":{"line":16,"column":25}}},"fnMap":{"0":{"name":"(anonymous_1)","decl":{"start":{"line":11,"column":13},"end":{"line":11,"column":23}},"loc":{"start":{"line":11,"column":32},"end":{"line":13,"column":1}}},"1":{"name":"(anonymous_2)","decl":{"start":{"line":16,"column":25},"end":{"line":16,"column":26}},"loc":{"start":{"line":16,"column":41},"end":{"line":21,"column":1}}},"2":{"name":"(anonymous_3)","decl":{"start":{"line":17,"column":19},"end":{"line":17,"column":null}},"loc":{"start":{"line":17,"column":19},"end":{"line":19,"column":3}}}},"branchMap":{"0":{"loc":{"start":{"line":16,"column":26},"end":{"line":16,"column":37}},"type":"default-arg","locations":[{"start":{"line":16,"column":33},"end":{"line":16,"column":37}}]}},"s":{"0":1,"1":1,"2":1,"3":1,"4":1,"5":1,"6":1,"7":0,"8":1,"9":1,"10":1,"11":1,"12":1},"f":{"0":0,"1":1,"2":1},"b":{"0":[0]}}
,"/project/workspace/src/middleware/authMiddleware.ts": {"path":"/project/workspace/src/middleware/authMiddleware.ts","statementMap":{"0":{"start":{"line":3,"column":0},"end":{"line":3,"column":16}},"1":{"start":{"line":8,"column":17},"end":{"line":8,"column":63}},"2":{"start":{"line":9,"column":2},"end":{"line":13,"column":3}},"3":{"start":{"line":10,"column":4},"end":{"line":12,"column":67}},"4":{"start":{"line":14,"column":2},"end":{"line":14,"column":16}}},"fnMap":{"0":{"name":"apiKeyMiddleware","decl":{"start":{"line":3,"column":16},"end":{"line":3,"column":32}},"loc":{"start":{"line":6,"column":20},"end":{"line":15,"column":1}}}},"branchMap":{"0":{"loc":{"start":{"line":9,"column":2},"end":{"line":13,"column":3}},"type":"if","locations":[{"start":{"line":9,"column":2},"end":{"line":13,"column":3}}]},"1":{"loc":{"start":{"line":9,"column":6},"end":{"line":9,"column":38}},"type":"binary-expr","locations":[{"start":{"line":9,"column":6},"end":{"line":9,"column":13}},{"start":{"line":9,"column":17},"end":{"line":9,"column":38}}]}},"s":{"0":1,"1":10,"2":10,"3":0,"4":10},"f":{"0":10},"b":{"0":[0],"1":[10,10]}}
,"/project/workspace/src/middleware/logMiddleware.ts": {"path":"/project/workspace/src/middleware/logMiddleware.ts","statementMap":{"0":{"start":{"line":3,"column":0},"end":{"line":3,"column":16}},"1":{"start":{"line":4,"column":16},"end":{"line":4,"column":26}},"2":{"start":{"line":6,"column":2},"end":{"line":13,"column":5}},"3":{"start":{"line":7,"column":21},"end":{"line":7,"column":39}},"4":{"start":{"line":8,"column":4},"end":{"line":12,"column":6}},"5":{"start":{"line":15,"column":2},"end":{"line":15,"column":9}}},"fnMap":{"0":{"name":"logMiddleware","decl":{"start":{"line":3,"column":16},"end":{"line":3,"column":29}},"loc":{"start":{"line":3,"column":77},"end":{"line":16,"column":1}}},"1":{"name":"(anonymous_1)","decl":{"start":{"line":6,"column":19},"end":{"line":6,"column":22}},"loc":{"start":{"line":6,"column":24},"end":{"line":13,"column":3}}}},"branchMap":{},"s":{"0":1,"1":10,"2":10,"3":10,"4":10,"5":10},"f":{"0":10,"1":10},"b":{}}
,"/project/workspace/src/rest/index.ts": {"path":"/project/workspace/src/rest/index.ts","statementMap":{"0":{"start":{"line":1,"column":0},"end":{"line":1,"column":30}},"1":{"start":{"line":2,"column":15},"end":{"line":2,"column":31}},"2":{"start":{"line":3,"column":0},"end":{"line":3,"column":25}},"3":{"start":{"line":4,"column":0},"end":{"line":4,"column":28}},"4":{"start":{"line":5,"column":18},"end":{"line":5,"column":25}},"5":{"start":{"line":6,"column":0},"end":{"line":6,"column":64}},"6":{"start":{"line":7,"column":0},"end":{"line":7,"column":60}},"7":{"start":{"line":8,"column":0},"end":{"line":8,"column":44}},"8":{"start":{"line":10,"column":0},"end":{"line":10,"column":29}},"9":{"start":{"line":11,"column":0},"end":{"line":11,"column":26}},"10":{"start":{"line":28,"column":0},"end":{"line":35,"column":3}},"11":{"start":{"line":28,"column":43},"end":{"line":35,"column":2}},"12":{"start":{"line":29,"column":17},"end":{"line":29,"column":27}},"13":{"start":{"line":30,"column":2},"end":{"line":32,"column":3}},"14":{"start":{"line":31,"column":4},"end":{"line":31,"column":56}},"15":{"start":{"line":33,"column":15},"end":{"line":33,"column":59}},"16":{"start":{"line":34,"column":2},"end":{"line":34,"column":28}},"17":{"start":{"line":71,"column":0},"end":{"line":111,"column":3}},"18":{"start":{"line":71,"column":41},"end":{"line":111,"column":2}},"19":{"start":{"line":73,"column":22},"end":{"line":73,"column":52}},"20":{"start":{"line":75,"column":2},"end":{"line":81,"column":3}},"21":{"start":{"line":77,"column":4},"end":{"line":80,"column":7}},"22":{"start":{"line":84,"column":4},"end":{"line":84,"column":12}},"23":{"start":{"line":86,"column":24},"end":{"line":86,"column":46}},"24":{"start":{"line":87,"column":23},"end":{"line":87,"column":45}},"25":{"start":{"line":88,"column":2},"end":{"line":110,"column":3}},"26":{"start":{"line":89,"column":27},"end":{"line":89,"column":58}},"27":{"start":{"line":91,"column":19},"end":{"line":98,"column":21}},"28":{"start":{"line":100,"column":4},"end":{"line":100,"column":43}},"29":{"start":{"line":102,"column":4},"end":{"line":102,"column":50}},"30":{"start":{"line":104,"column":4},"end":{"line":107,"column":5}},"31":{"start":{"line":105,"column":6},"end":{"line":105,"column":49}},"32":{"start":{"line":106,"column":6},"end":{"line":106,"column":69}},"33":{"start":{"line":108,"column":4},"end":{"line":108,"column":43}},"34":{"start":{"line":109,"column":4},"end":{"line":109,"column":66}},"35":{"start":{"line":131,"column":0},"end":{"line":145,"column":3}},"36":{"start":{"line":131,"column":44},"end":{"line":145,"column":2}},"37":{"start":{"line":132,"column":17},"end":{"line":132,"column":27}},"38":{"start":{"line":134,"column":2},"end":{"line":144,"column":3}},"39":{"start":{"line":135,"column":17},"end":{"line":135,"column":60}},"40":{"start":{"line":137,"column":4},"end":{"line":139,"column":5}},"41":{"start":{"line":138,"column":6},"end":{"line":138,"column":63}},"42":{"start":{"line":141,"column":4},"end":{"line":141,"column":48}},"43":{"start":{"line":143,"column":4},"end":{"line":143,"column":68}},"44":{"start":{"line":159,"column":0},"end":{"line":167,"column":3}},"45":{"start":{"line":159,"column":41},"end":{"line":167,"column":2}},"46":{"start":{"line":160,"column":2},"end":{"line":166,"column":3}},"47":{"start":{"line":161,"column":18},"end":{"line":161,"column":48}},"48":{"start":{"line":163,"column":4},"end":{"line":163,"column":49}},"49":{"start":{"line":165,"column":4},"end":{"line":165,"column":69}},"50":{"start":{"line":200,"column":0},"end":{"line":219,"column":3}},"51":{"start":{"line":200,"column":44},"end":{"line":219,"column":2}},"52":{"start":{"line":201,"column":17},"end":{"line":201,"column":27}},"53":{"start":{"line":202,"column":33},"end":{"line":202,"column":41}},"54":{"start":{"line":204,"column":2},"end":{"line":218,"column":3}},"55":{"start":{"line":205,"column":24},"end":{"line":209,"column":6}},"56":{"start":{"line":211,"column":4},"end":{"line":213,"column":5}},"57":{"start":{"line":212,"column":6},"end":{"line":212,"column":63}},"58":{"start":{"line":215,"column":4},"end":{"line":215,"column":74}},"59":{"start":{"line":217,"column":4},"end":{"line":217,"column":66}},"60":{"start":{"line":254,"column":0},"end":{"line":271,"column":3}},"61":{"start":{"line":254,"column":50},"end":{"line":271,"column":2}},"62":{"start":{"line":255,"column":48},"end":{"line":255,"column":57}},"63":{"start":{"line":257,"column":2},"end":{"line":270,"column":3}},"64":{"start":{"line":258,"column":16},"end":{"line":258,"column":40}},"65":{"start":{"line":260,"column":4},"end":{"line":260,"column":46}},"66":{"start":{"line":260,"column":16},"end":{"line":260,"column":46}},"67":{"start":{"line":261,"column":4},"end":{"line":261,"column":37}},"68":{"start":{"line":261,"column":13},"end":{"line":261,"column":37}},"69":{"start":{"line":263,"column":18},"end":{"line":265,"column":49}},"70":{"start":{"line":267,"column":4},"end":{"line":267,"column":49}},"71":{"start":{"line":269,"column":4},"end":{"line":269,"column":69}},"72":{"start":{"line":291,"column":0},"end":{"line":305,"column":3}},"73":{"start":{"line":291,"column":47},"end":{"line":305,"column":2}},"74":{"start":{"line":292,"column":17},"end":{"line":292,"column":27}},"75":{"start":{"line":294,"column":2},"end":{"line":304,"column":3}},"76":{"start":{"line":295,"column":24},"end":{"line":295,"column":65}},"77":{"start":{"line":297,"column":4},"end":{"line":299,"column":5}},"78":{"start":{"line":298,"column":6},"end":{"line":298,"column":63}},"79":{"start":{"line":301,"column":4},"end":{"line":301,"column":74}},"80":{"start":{"line":303,"column":4},"end":{"line":303,"column":66}},"81":{"start":{"line":307,"column":0},"end":{"line":309,"column":3}},"82":{"start":{"line":308,"column":2},"end":{"line":308,"column":46}},"83":{"start":{"line":311,"column":0},"end":{"line":311,"column":22}}},"fnMap":{"0":{"name":"(anonymous_8)","decl":{"start":{"line":28,"column":24},"end":{"line":28,"column":31}},"loc":{"start":{"line":28,"column":43},"end":{"line":35,"column":2}}},"1":{"name":"(anonymous_9)","decl":{"start":{"line":28,"column":43},"end":{"line":28,"column":null}},"loc":{"start":{"line":28,"column":43},"end":{"line":35,"column":1}}},"2":{"name":"(anonymous_10)","decl":{"start":{"line":71,"column":22},"end":{"line":71,"column":29}},"loc":{"start":{"line":71,"column":41},"end":{"line":111,"column":2}}},"3":{"name":"(anonymous_11)","decl":{"start":{"line":71,"column":41},"end":{"line":71,"column":null}},"loc":{"start":{"line":71,"column":41},"end":{"line":111,"column":1}}},"4":{"name":"(anonymous_12)","decl":{"start":{"line":131,"column":25},"end":{"line":131,"column":32}},"loc":{"start":{"line":131,"column":44},"end":{"line":145,"column":2}}},"5":{"name":"(anonymous_13)","decl":{"start":{"line":131,"column":44},"end":{"line":131,"column":null}},"loc":{"start":{"line":131,"column":44},"end":{"line":145,"column":1}}},"6":{"name":"(anonymous_14)","decl":{"start":{"line":159,"column":21},"end":{"line":159,"column":28}},"loc":{"start":{"line":159,"column":41},"end":{"line":167,"column":2}}},"7":{"name":"(anonymous_15)","decl":{"start":{"line":159,"column":41},"end":{"line":159,"column":null}},"loc":{"start":{"line":159,"column":41},"end":{"line":167,"column":1}}},"8":{"name":"(anonymous_16)","decl":{"start":{"line":200,"column":25},"end":{"line":200,"column":32}},"loc":{"start":{"line":200,"column":44},"end":{"line":219,"column":2}}},"9":{"name":"(anonymous_17)","decl":{"start":{"line":200,"column":44},"end":{"line":200,"column":null}},"loc":{"start":{"line":200,"column":44},"end":{"line":219,"column":1}}},"10":{"name":"(anonymous_18)","decl":{"start":{"line":254,"column":31},"end":{"line":254,"column":38}},"loc":{"start":{"line":254,"column":50},"end":{"line":271,"column":2}}},"11":{"name":"(anonymous_19)","decl":{"start":{"line":254,"column":50},"end":{"line":254,"column":null}},"loc":{"start":{"line":254,"column":50},"end":{"line":271,"column":1}}},"12":{"name":"(anonymous_20)","decl":{"start":{"line":291,"column":28},"end":{"line":291,"column":35}},"loc":{"start":{"line":291,"column":47},"end":{"line":305,"column":2}}},"13":{"name":"(anonymous_21)","decl":{"start":{"line":291,"column":47},"end":{"line":291,"column":null}},"loc":{"start":{"line":291,"column":47},"end":{"line":305,"column":1}}},"14":{"name":"(anonymous_22)","decl":{"start":{"line":307,"column":16},"end":{"line":307,"column":17}},"loc":{"start":{"line":307,"column":30},"end":{"line":309,"column":1}}}},"branchMap":{"0":{"loc":{"start":{"line":30,"column":2},"end":{"line":32,"column":3}},"type":"if","locations":[{"start":{"line":30,"column":2},"end":{"line":32,"column":3}}]},"1":{"loc":{"start":{"line":75,"column":2},"end":{"line":81,"column":3}},"type":"if","locations":[{"start":{"line":75,"column":2},"end":{"line":81,"column":3}}]},"2":{"loc":{"start":{"line":86,"column":24},"end":{"line":86,"column":46}},"type":"binary-expr","locations":[{"start":{"line":86,"column":24},"end":{"line":86,"column":33}},{"start":{"line":86,"column":37},"end":{"line":86,"column":46}}]},"3":{"loc":{"start":{"line":87,"column":23},"end":{"line":87,"column":45}},"type":"binary-expr","locations":[{"start":{"line":87,"column":23},"end":{"line":87,"column":33}},{"start":{"line":87,"column":37},"end":{"line":87,"column":45}}]},"4":{"loc":{"start":{"line":104,"column":4},"end":{"line":107,"column":5}},"type":"if","locations":[{"start":{"line":104,"column":4},"end":{"line":107,"column":5}}]},"5":{"loc":{"start":{"line":137,"column":4},"end":{"line":139,"column":5}},"type":"if","locations":[{"start":{"line":137,"column":4},"end":{"line":139,"column":5}}]},"6":{"loc":{"start":{"line":211,"column":4},"end":{"line":213,"column":5}},"type":"if","locations":[{"start":{"line":211,"column":4},"end":{"line":213,"column":5}}]},"7":{"loc":{"start":{"line":255,"column":10},"end":{"line":255,"column":18}},"type":"default-arg","locations":[{"start":{"line":255,"column":17},"end":{"line":255,"column":18}}]},"8":{"loc":{"start":{"line":255,"column":20},"end":{"line":255,"column":30}},"type":"default-arg","locations":[{"start":{"line":255,"column":28},"end":{"line":255,"column":30}}]},"9":{"loc":{"start":{"line":260,"column":4},"end":{"line":260,"column":46}},"type":"if","locations":[{"start":{"line":260,"column":4},"end":{"line":260,"column":46}}]},"10":{"loc":{"start":{"line":261,"column":4},"end":{"line":261,"column":37}},"type":"if","locations":[{"start":{"line":261,"column":4},"end":{"line":261,"column":37}}]},"11":{"loc":{"start":{"line":297,"column":4},"end":{"line":299,"column":5}},"type":"if","locations":[{"start":{"line":297,"column":4},"end":{"line":299,"column":5}}]}},"s":{"0":1,"1":1,"2":1,"3":1,"4":1,"5":1,"6":1,"7":1,"8":1,"9":1,"10":1,"11":0,"12":0,"13":0,"14":0,"15":0,"16":0,"17":1,"18":1,"19":1,"20":1,"21":0,"22":1,"23":1,"24":1,"25":1,"26":1,"27":1,"28":1,"29":1,"30":0,"31":0,"32":0,"33":0,"34":0,"35":1,"36":1,"37":1,"38":1,"39":1,"40":1,"41":1,"42":0,"43":0,"44":1,"45":2,"46":2,"47":2,"48":2,"49":0,"50":1,"51":2,"52":2,"53":2,"54":2,"55":2,"56":2,"57":1,"58":1,"59":0,"60":1,"61":2,"62":2,"63":2,"64":2,"65":2,"66":1,"67":2,"68":0,"69":2,"70":2,"71":0,"72":1,"73":2,"74":2,"75":2,"76":2,"77":2,"78":1,"79":1,"80":0,"81":1,"82":0,"83":1},"f":{"0":0,"1":0,"2":1,"3":1,"4":1,"5":1,"6":2,"7":2,"8":2,"9":2,"10":2,"11":2,"12":2,"13":2,"14":0},"b":{"0":[0],"1":[0],"2":[1,0],"3":[1,0],"4":[0],"5":[1],"6":[1],"7":[1],"8":[1],"9":[1],"10":[0],"11":[1]}}
,"/project/workspace/src/types/index.ts": {"path":"/project/workspace/src/types/index.ts","statementMap":{"0":{"start":{"line":1,"column":0},"end":{"line":1,"column":24}},"1":{"start":{"line":3,"column":13},"end":{"line":10,"column":3}}},"fnMap":{},"branchMap":{},"s":{"0":1,"1":1},"f":{},"b":{}}
}
