TN:
SF:knexfile.ts
FNF:0
FNH:0
DA:1,1
DA:3,1
LF:2
LH:2
BRF:0
BRH:0
end_of_record
TN:
SF:src/db.ts
FNF:0
FNH:0
DA:2,1
DA:5,1
DA:8,1
DA:10,1
LF:4
LH:4
BRF:0
BRH:0
end_of_record
TN:
SF:src/index.ts
FN:11,(anonymous_1)
FN:16,(anonymous_2)
FN:17,(anonymous_3)
FNF:3
FNH:2
FNDA:0,(anonymous_1)
FNDA:1,(anonymous_2)
FNDA:1,(anonymous_3)
DA:1,1
DA:3,1
DA:4,1
DA:6,1
DA:7,1
DA:8,1
DA:11,1
DA:12,0
DA:16,1
DA:17,1
DA:18,1
DA:20,1
LF:12
LH:11
BRDA:16,0,0,0
BRF:1
BRH:0
end_of_record
TN:
SF:src/middleware/authMiddleware.ts
FN:3,apiKeyMiddleware
FNF:1
FNH:1
FNDA:10,apiKeyMiddleware
DA:3,1
DA:8,10
DA:9,10
DA:10,0
DA:14,10
LF:5
LH:4
BRDA:9,0,0,0
BRDA:9,1,0,10
BRDA:9,1,1,10
BRF:3
BRH:2
end_of_record
TN:
SF:src/middleware/logMiddleware.ts
FN:3,logMiddleware
FN:6,(anonymous_1)
FNF:2
FNH:2
FNDA:10,logMiddleware
FNDA:10,(anonymous_1)
DA:3,1
DA:4,10
DA:6,10
DA:7,10
DA:8,10
DA:15,10
LF:6
LH:6
BRF:0
BRH:0
end_of_record
TN:
SF:src/rest/index.ts
FN:28,(anonymous_8)
FN:28,(anonymous_9)
FN:71,(anonymous_10)
FN:71,(anonymous_11)
FN:131,(anonymous_12)
FN:131,(anonymous_13)
FN:159,(anonymous_14)
FN:159,(anonymous_15)
FN:200,(anonymous_16)
FN:200,(anonymous_17)
FN:254,(anonymous_18)
FN:254,(anonymous_19)
FN:291,(anonymous_20)
FN:291,(anonymous_21)
FN:307,(anonymous_22)
FNF:15
FNH:12
FNDA:0,(anonymous_8)
FNDA:0,(anonymous_9)
FNDA:1,(anonymous_10)
FNDA:1,(anonymous_11)
FNDA:1,(anonymous_12)
FNDA:1,(anonymous_13)
FNDA:2,(anonymous_14)
FNDA:2,(anonymous_15)
FNDA:2,(anonymous_16)
FNDA:2,(anonymous_17)
FNDA:2,(anonymous_18)
FNDA:2,(anonymous_19)
FNDA:2,(anonymous_20)
FNDA:2,(anonymous_21)
FNDA:0,(anonymous_22)
DA:1,1
DA:2,1
DA:3,1
DA:4,1
DA:5,1
DA:6,1
DA:7,1
DA:8,1
DA:10,1
DA:11,1
DA:28,1
DA:29,0
DA:30,0
DA:31,0
DA:33,0
DA:34,0
DA:71,1
DA:73,1
DA:75,1
DA:77,0
DA:84,1
DA:86,1
DA:87,1
DA:88,1
DA:89,1
DA:91,1
DA:100,1
DA:102,1
DA:104,0
DA:105,0
DA:106,0
DA:108,0
DA:109,0
DA:131,1
DA:132,1
DA:134,1
DA:135,1
DA:137,1
DA:138,1
DA:141,0
DA:143,0
DA:159,2
DA:160,2
DA:161,2
DA:163,2
DA:165,0
DA:200,2
DA:201,2
DA:202,2
DA:204,2
DA:205,2
DA:211,2
DA:212,1
DA:215,1
DA:217,0
DA:254,2
DA:255,2
DA:257,2
DA:258,2
DA:260,2
DA:261,2
DA:263,2
DA:267,2
DA:269,0
DA:291,2
DA:292,2
DA:294,2
DA:295,2
DA:297,2
DA:298,1
DA:301,1
DA:303,0
DA:307,1
DA:308,0
DA:311,1
LF:75
LH:57
BRDA:30,0,0,0
BRDA:75,1,0,0
BRDA:86,2,0,1
BRDA:86,2,1,0
BRDA:87,3,0,1
BRDA:87,3,1,0
BRDA:104,4,0,0
BRDA:137,5,0,1
BRDA:211,6,0,1
BRDA:255,7,0,1
BRDA:255,8,0,1
BRDA:260,9,0,1
BRDA:261,10,0,0
BRDA:297,11,0,1
BRF:14
BRH:8
end_of_record
TN:
SF:src/types/index.ts
FNF:0
FNH:0
DA:1,1
DA:3,1
LF:2
LH:2
BRF:0
BRH:0
end_of_record
