TN:
SF:knexfile.ts
FNF:0
FNH:0
DA:1,1
DA:3,1
LF:2
LH:2
BRF:0
BRH:0
end_of_record
TN:
SF:src\db.ts
FNF:0
FNH:0
DA:2,1
DA:5,1
DA:8,1
DA:10,1
LF:4
LH:4
BRF:0
BRH:0
end_of_record
TN:
SF:src\index.ts
FN:13,(anonymous_1)
FN:18,(anonymous_2)
FN:19,(anonymous_3)
FNF:3
FNH:2
FNDA:0,(anonymous_1)
FNDA:1,(anonymous_2)
FNDA:1,(anonymous_3)
DA:1,1
DA:3,1
DA:4,1
DA:5,1
DA:7,1
DA:8,1
DA:9,1
DA:10,1
DA:13,1
DA:14,0
DA:18,1
DA:19,1
DA:20,1
DA:22,1
LF:14
LH:13
BRDA:18,0,0,0
BRF:1
BRH:0
end_of_record
TN:
SF:src\author\index.ts
FN:40,(anonymous_8)
FN:40,(anonymous_9)
FN:76,(anonymous_10)
FN:76,(anonymous_11)
FN:91,(anonymous_12)
FN:120,(anonymous_13)
FN:120,(anonymous_14)
FN:130,(anonymous_15)
FNF:8
FNH:8
FNDA:2,(anonymous_8)
FNDA:2,(anonymous_9)
FNDA:2,(anonymous_10)
FNDA:2,(anonymous_11)
FNDA:3,(anonymous_12)
FNDA:2,(anonymous_13)
FNDA:2,(anonymous_14)
FNDA:1,(anonymous_15)
DA:1,1
DA:2,1
DA:3,1
DA:4,1
DA:5,1
DA:6,1
DA:7,1
DA:8,1
DA:13,1
DA:14,1
DA:40,2
DA:41,2
DA:43,2
DA:44,2
DA:50,1
DA:52,1
DA:76,2
DA:77,2
DA:78,2
DA:80,2
DA:81,2
DA:85,2
DA:87,2
DA:88,1
DA:91,3
DA:92,1
DA:95,1
DA:97,0
DA:120,2
DA:121,2
DA:122,2
DA:123,2
DA:125,2
DA:127,2
DA:128,1
DA:130,1
DA:131,1
DA:134,1
DA:136,0
DA:140,1
LF:40
LH:38
BRDA:87,0,0,1
BRDA:127,1,0,1
BRF:2
BRH:2
end_of_record
TN:
SF:src\middleware\authMiddleware.ts
FN:5,apiKeyMiddleware
FNF:1
FNH:1
FNDA:16,apiKeyMiddleware
DA:2,1
DA:5,1
DA:12,16
DA:13,16
DA:15,16
DA:16,16
DA:17,0
DA:21,16
LF:8
LH:7
BRDA:16,0,0,0
BRDA:16,1,0,16
BRDA:16,1,1,16
BRF:3
BRH:2
end_of_record
TN:
SF:src\middleware\logMiddleware.ts
FN:3,logMiddleware
FN:6,(anonymous_1)
FNF:2
FNH:2
FNDA:16,logMiddleware
FNDA:16,(anonymous_1)
DA:3,1
DA:4,16
DA:6,16
DA:7,16
DA:8,16
DA:15,16
LF:6
LH:6
BRF:0
BRH:0
end_of_record
TN:
SF:src\rest\index.ts
FN:28,(anonymous_8)
FN:28,(anonymous_9)
FN:77,(anonymous_10)
FN:77,(anonymous_11)
FN:137,(anonymous_12)
FN:137,(anonymous_13)
FN:165,(anonymous_14)
FN:165,(anonymous_15)
FN:206,(anonymous_16)
FN:206,(anonymous_17)
FN:260,(anonymous_18)
FN:260,(anonymous_19)
FN:297,(anonymous_20)
FN:297,(anonymous_21)
FN:313,(anonymous_22)
FNF:15
FNH:12
FNDA:0,(anonymous_8)
FNDA:0,(anonymous_9)
FNDA:1,(anonymous_10)
FNDA:1,(anonymous_11)
FNDA:1,(anonymous_12)
FNDA:1,(anonymous_13)
FNDA:2,(anonymous_14)
FNDA:2,(anonymous_15)
FNDA:2,(anonymous_16)
FNDA:2,(anonymous_17)
FNDA:2,(anonymous_18)
FNDA:2,(anonymous_19)
FNDA:2,(anonymous_20)
FNDA:2,(anonymous_21)
FNDA:0,(anonymous_22)
DA:1,1
DA:2,1
DA:3,1
DA:4,1
DA:5,1
DA:6,1
DA:7,1
DA:8,1
DA:10,1
DA:11,1
DA:28,1
DA:29,0
DA:30,0
DA:31,0
DA:33,0
DA:34,0
DA:77,1
DA:79,1
DA:81,1
DA:83,0
DA:90,1
DA:92,1
DA:93,1
DA:94,1
DA:95,1
DA:97,1
DA:106,1
DA:108,1
DA:110,0
DA:111,0
DA:112,0
DA:114,0
DA:115,0
DA:137,1
DA:138,1
DA:140,1
DA:141,1
DA:143,1
DA:144,1
DA:147,0
DA:149,0
DA:165,2
DA:166,2
DA:167,2
DA:169,2
DA:171,0
DA:206,2
DA:207,2
DA:208,2
DA:210,2
DA:211,2
DA:217,2
DA:218,1
DA:221,1
DA:223,0
DA:260,2
DA:261,2
DA:263,2
DA:264,2
DA:266,2
DA:267,2
DA:269,2
DA:273,2
DA:275,0
DA:297,2
DA:298,2
DA:300,2
DA:301,2
DA:303,2
DA:304,1
DA:307,1
DA:309,0
DA:313,1
DA:314,0
DA:317,1
LF:75
LH:57
BRDA:30,0,0,0
BRDA:81,1,0,0
BRDA:92,2,0,1
BRDA:92,2,1,0
BRDA:93,3,0,1
BRDA:93,3,1,0
BRDA:110,4,0,0
BRDA:143,5,0,1
BRDA:217,6,0,1
BRDA:261,7,0,1
BRDA:261,8,0,1
BRDA:266,9,0,1
BRDA:267,10,0,0
BRDA:303,11,0,1
BRF:14
BRH:8
end_of_record
TN:
SF:src\types\index.ts
FNF:0
FNH:0
DA:1,1
DA:5,1
LF:2
LH:2
BRF:0
BRH:0
end_of_record
